2025-01-20 13:21:29,732 - debug - [INFO] - [test_user-1737350489] 开始处理新请求
2025-01-20 13:21:30,777 - debug - [INFO] - [test_user-1737350489] 意图分类结果: CHAT
2025-01-20 13:21:33,109 - debug - [INFO] - [test_user-1737350489] 请求处理完成，耗时: 3.38秒
2025-01-20 13:21:33,109 - debug - [INFO] - [test_user-1737350493] 开始流式处理新请求
2025-01-20 13:21:33,611 - debug - [INFO] - [test_user-1737350493] 意图分类结果: CHAT
2025-01-20 13:21:35,053 - debug - [INFO] - [test_user-1737350493] 流式请求处理完成，耗时: 1.94秒
2025-01-20 13:21:35,053 - debug - [INFO] - [test_user-1737350495] 开始处理新请求
2025-01-20 13:21:35,642 - debug - [INFO] - [test_user-1737350495] 意图分类结果: HANDBOOK
2025-01-20 13:21:36,827 - debug - [INFO] - [test_user-1737350495] 查询改写: 改写后的查询：

在教师工作制度中，哪些类型的劳务费是可以发放的？具体包括哪些情况或项目可以领取劳务费？
2025-01-20 13:21:41,445 - debug - [INFO] - [test_user-1737350495] 请求处理完成，耗时: 6.39秒
2025-01-20 13:22:01,736 - debug - [INFO] - [test_user-1737350521] 开始处理新请求
2025-01-20 13:22:02,383 - debug - [INFO] - [test_user-1737350521] 意图分类结果: CHAT
2025-01-20 13:22:04,664 - debug - [INFO] - [test_user-1737350521] 请求处理完成，耗时: 2.93秒
2025-01-20 13:22:04,664 - debug - [INFO] - [test_user-1737350524] 开始流式处理新请求
2025-01-20 13:22:05,259 - debug - [INFO] - [test_user-1737350524] 意图分类结果: CHAT
2025-01-20 13:22:07,018 - debug - [INFO] - [test_user-1737350524] 流式请求处理完成，耗时: 2.35秒
2025-01-20 13:22:07,019 - debug - [INFO] - [test_user-1737350527] 开始处理新请求
2025-01-20 13:22:07,718 - debug - [INFO] - [test_user-1737350527] 意图分类结果: HANDBOOK
2025-01-20 13:22:09,030 - debug - [INFO] - [test_user-1737350527] 查询改写: 改写后的查询：在教师工作制度中，哪些类型的劳务费是可以发放的？具体包括哪些情况或项目可以发放劳务费？
2025-01-20 13:23:00,549 - debug - [INFO] - [test_user-1737350527] 请求处理完成，耗时: 53.53秒
2025-01-20 13:23:00,552 - debug - [INFO] - [test_user-1737350580] 开始流式处理新请求
2025-01-20 13:23:01,464 - debug - [INFO] - [test_user-1737350580] 意图分类结果: HANDBOOK
2025-01-20 13:23:05,895 - debug - [INFO] - [test_user-1737350580] 查询改写: 根据《杭州电子科技大学信息工程学院劳务费发放管理办法》（信工人〔2023〕12号），哪些类型的劳务费可以发放？具体包括评审费、咨询费、讲座费以及其他劳务费的详细情况和审批流程是怎样的？

### 具体问题：
1. 哪些类型的劳务费可以发放？
2. 每种劳务费的具体项目和发放标准是什么？
3. 各类劳务费的审批流程是怎样的？

请详细说明，以便我了解具体的发放规定。
2025-01-20 13:26:14,007 - debug - [INFO] - [test_user-1737350580] 流式请求处理完成，耗时: 193.46秒
2025-01-20 13:26:14,008 - debug - [INFO] - [test_user-1737350774] 开始处理新请求
2025-01-20 13:26:15,368 - debug - [INFO] - [test_user-1737350774] 意图分类结果: OTHER
2025-01-20 13:26:22,700 - debug - [INFO] - [test_user-1737350774] 请求处理完成，耗时: 8.69秒
2025-01-20 13:26:22,700 - debug - [INFO] - [test_user-1737350782] 开始流式处理新请求
2025-01-20 13:26:23,960 - debug - [INFO] - [test_user-1737350782] 意图分类结果: OTHER
2025-01-20 13:26:30,618 - debug - [INFO] - [test_user-1737350782] 流式请求处理完成，耗时: 7.92秒
2025-01-20 13:26:30,618 - debug - [INFO] - [test_user-1737350790] 开始处理新请求
2025-01-20 13:26:31,383 - debug - [INFO] - [test_user-1737350790] 意图分类结果: CHAT
2025-01-20 13:26:32,576 - debug - [INFO] - [test_user-1737350790] 请求处理完成，耗时: 1.96秒
2025-01-20 13:26:32,576 - debug - [INFO] - [test_user-1737350792] 开始流式处理新请求
2025-01-20 13:26:33,333 - debug - [INFO] - [test_user-1737350792] 意图分类结果: CHAT
2025-01-20 13:26:34,609 - debug - [INFO] - [test_user-1737350792] 流式请求处理完成，耗时: 2.03秒
